2021-08-06 20:32:42,337 INFO o.a.j.u.JMeterUtils: Setting Locale to en_EN
2021-08-06 20:32:42,383 INFO o.a.j.JMeter: Loading user properties from: /usr/local/Cellar/jmeter/5.4.1/libexec/bin/user.properties
2021-08-06 20:32:42,384 INFO o.a.j.JMeter: Loading system properties from: /usr/local/Cellar/jmeter/5.4.1/libexec/bin/system.properties
2021-08-06 20:32:42,396 INFO o.a.j.JMeter: Copyright (c) 1998-2021 The Apache Software Foundation
2021-08-06 20:32:42,396 INFO o.a.j.JMeter: Version 5.4.1
2021-08-06 20:32:42,396 INFO o.a.j.JMeter: java.version=16.0.1
2021-08-06 20:32:42,396 INFO o.a.j.JMeter: java.vm.name=OpenJDK 64-Bit Server VM
2021-08-06 20:32:42,396 INFO o.a.j.JMeter: os.name=Mac OS X
2021-08-06 20:32:42,397 INFO o.a.j.JMeter: os.arch=x86_64
2021-08-06 20:32:42,397 INFO o.a.j.JMeter: os.version=11.5.1
2021-08-06 20:32:42,397 INFO o.a.j.JMeter: file.encoding=UTF-8
2021-08-06 20:32:42,397 INFO o.a.j.JMeter: java.awt.headless=null
2021-08-06 20:32:42,397 INFO o.a.j.JMeter: Max memory     =1073741824
2021-08-06 20:32:42,398 INFO o.a.j.JMeter: Available Processors =4
2021-08-06 20:32:42,414 INFO o.a.j.JMeter: Default Locale=English (EN)
2021-08-06 20:32:42,415 INFO o.a.j.JMeter: JMeter  Locale=English (EN)
2021-08-06 20:32:42,415 INFO o.a.j.JMeter: JMeterHome=/usr/local/Cellar/jmeter/5.4.1/libexec
2021-08-06 20:32:42,415 INFO o.a.j.JMeter: user.dir  =/Users/Alex/Desktop/TEST/group_21/Group_21
2021-08-06 20:32:42,415 INFO o.a.j.JMeter: PWD       =/Users/Alex/Desktop/TEST/group_21/Group_21
2021-08-06 20:32:42,417 INFO o.a.j.JMeter: IP: 127.0.0.1 Name: MacBook-Pro-NewUser.local FullName: localhost
2021-08-06 20:32:43,167 INFO o.a.j.JMeter: Setting LAF to: com.github.weisj.darklaf.DarkLaf:com.github.weisj.darklaf.theme.DarculaTheme
2021-08-06 20:32:45,955 INFO o.a.j.JMeter: Loaded icon properties from org/apache/jmeter/images/icon.properties
2021-08-06 20:32:47,771 INFO o.j.r.JARSourceHTTP: Requesting https://jmeter-plugins.org/repo/?installID=mac_os_x-eda967bb0ab572660d68bf5f0e23d1d3-gui
2021-08-06 20:32:50,506 INFO o.j.r.PluginManager: Plugins Status: [jpgc-plugins-manager=1.6, jmeter-core=5.4.1, jmeter-ftp=5.4.1, jmeter-http=5.4.1, jmeter-jdbc=5.4.1, jmeter-jms=5.4.1, jmeter-junit=5.4.1, jmeter-java=5.4.1, jmeter-ldap=5.4.1, jmeter-mail=5.4.1, jmeter-mongodb=5.4.1, jmeter-native=5.4.1, jmeter-tcp=5.4.1, jmeter-components=5.4.1]
